                                      1 ;--------------------------------------------------------
                                      2 ; File Created by SDCC : free open source ANSI-C Compiler
                                      3 ; Version 4.0.0 #11528 (Linux)
                                      4 ;--------------------------------------------------------
                                      5 	.module ram
                                      6 	.optsdcc -mstm8
                                      7 	
                                      8 ;--------------------------------------------------------
                                      9 ; Public variables in this module
                                     10 ;--------------------------------------------------------
                                     11 	.globl _ram_flash_write_block
                                     12 ;--------------------------------------------------------
                                     13 ; ram data
                                     14 ;--------------------------------------------------------
                                     15 	.area DATA
                                     16 ;--------------------------------------------------------
                                     17 ; ram data
                                     18 ;--------------------------------------------------------
                                     19 	.area INITIALIZED
                                     20 ;--------------------------------------------------------
                                     21 ; absolute external ram data
                                     22 ;--------------------------------------------------------
                                     23 	.area DABS (ABS)
                                     24 
                                     25 ; default segment ordering for linker
                                     26 	.area HOME
                                     27 	.area GSINIT
                                     28 	.area GSFINAL
                                     29 	.area CONST
                                     30 	.area INITIALIZER
                                     31 	.area CODE
                                     32 
                                     33 ;--------------------------------------------------------
                                     34 ; global & static initialisations
                                     35 ;--------------------------------------------------------
                                     36 	.area HOME
                                     37 	.area GSINIT
                                     38 	.area GSFINAL
                                     39 	.area GSINIT
                                     40 ;--------------------------------------------------------
                                     41 ; Home
                                     42 ;--------------------------------------------------------
                                     43 	.area HOME
                                     44 	.area HOME
                                     45 ;--------------------------------------------------------
                                     46 ; code
                                     47 ;--------------------------------------------------------
                                     48 	.area RAM_SEG
                                     49 ;	Core/Src/ram.c: 6: void ram_flash_write_block(uint16_t addr, const uint8_t *buf) {
                                     50 ;	-----------------------------------------
                                     51 ;	 function ram_flash_write_block
                                     52 ;	-----------------------------------------
      000000                         53 _ram_flash_write_block:
      000000 52 02            [ 2]   54 	sub	sp, #2
                                     55 ;	Core/Src/ram.c: 8: FLASH_CR2 = 1 << FLASH_CR2_PRG;
      000002 35 01 50 5B      [ 1]   56 	mov	0x505b+0, #0x01
                                     57 ;	Core/Src/ram.c: 10: FLASH_NCR2 = (uint8_t) ~(1 << FLASH_NCR2_NPRG);
      000006 35 FE 50 5C      [ 1]   58 	mov	0x505c+0, #0xfe
                                     59 ;	Core/Src/ram.c: 14: for (uint8_t i = 0; i < BLOCK_SIZE; i++)
      00000A 4F               [ 1]   60 	clr	a
      00000B                         61 00106$:
      00000B A1 40            [ 1]   62 	cp	a, #0x40
      00000D 24 17            [ 1]   63 	jrnc	00102$
                                     64 ;	Core/Src/ram.c: 15: _MEM_(addr + i) = buf[i];
      00000F 5F               [ 1]   65 	clrw	x
      000010 97               [ 1]   66 	ld	xl, a
      000011 16 05            [ 2]   67 	ldw	y, (0x05, sp)
      000013 1F 01            [ 2]   68 	ldw	(0x01, sp), x
      000015 72 F9 01         [ 2]   69 	addw	y, (0x01, sp)
      000018 5F               [ 1]   70 	clrw	x
      000019 97               [ 1]   71 	ld	xl, a
      00001A 72 FB 07         [ 2]   72 	addw	x, (0x07, sp)
      00001D 88               [ 1]   73 	push	a
      00001E F6               [ 1]   74 	ld	a, (x)
      00001F 97               [ 1]   75 	ld	xl, a
      000020 90 F7            [ 1]   76 	ld	(y), a
      000022 84               [ 1]   77 	pop	a
                                     78 ;	Core/Src/ram.c: 14: for (uint8_t i = 0; i < BLOCK_SIZE; i++)
      000023 4C               [ 1]   79 	inc	a
      000024 20 E5            [ 2]   80 	jra	00106$
                                     81 ;	Core/Src/ram.c: 18: while (!(FLASH_IAPSR & (1 << FLASH_IAPSR_EOP)));
      000026                         82 00102$:
      000026 C6 50 5F         [ 1]   83 	ld	a, 0x505f
      000029 A5 04            [ 1]   84 	bcp	a, #0x04
      00002B 27 F9            [ 1]   85 	jreq	00102$
                                     86 ;	Core/Src/ram.c: 19: }
      00002D 5B 02            [ 2]   87 	addw	sp, #2
      00002F 81               [ 4]   88 	ret
                                     89 	.area CODE
                                     90 	.area CONST
                                     91 	.area INITIALIZER
                                     92 	.area CABS (ABS)
